# JRE version: OpenJDK Runtime Environment (8.0_202-b03) (build 1.8.0_202-release-1483-b03)
# Java VM: OpenJDK 64-Bit Server VM (25.202-b03 mixed mode windows-amd64 compressed oops)
Heap:
 PSYoungGen      total 458752K, used 168162K [0x00000000e0000000, 0x0000000100000000, 0x0000000100000000)
  eden space 402432K, 30% used [0x00000000e0000000,0x00000000e7834780,0x00000000f8900000)
  from space 56320K, 80% used [0x00000000fc900000,0x00000000ff5043f8,0x0000000100000000)
  to   space 60928K, 0% used [0x00000000f8900000,0x00000000f8900000,0x00000000fc480000)
 ParOldGen       total 156160K, used 83068K [0x00000000a0000000, 0x00000000a9880000, 0x00000000e0000000)
  object space 156160K, 53% used [0x00000000a0000000,0x00000000a511f0d0,0x00000000a9880000)
 Metaspace       used 113769K, capacity 121358K, committed 121560K, reserved 1155072K
  class space    used 14513K, capacity 15785K, committed 15832K, reserved 1048576K
GC Heap History (10 events):
Event: 9601.447 GC heap before
{Heap before GC invocations=32 (full 6):
 PSYoungGen      total 413696K, used 32243K [0x00000000e0000000, 0x00000000ff000000, 0x0000000100000000)
  eden space 381440K, 0% used [0x00000000e0000000,0x00000000e0000000,0x00000000f7480000)
  from space 32256K, 99% used [0x00000000f9f80000,0x00000000fbefcd58,0x00000000fbf00000)
  to   space 44032K, 0% used [0x00000000f7480000,0x00000000f7480000,0x00000000f9f80000)
 ParOldGen       total 82944K, used 71158K [0x00000000a0000000, 0x00000000a5100000, 0x00000000e0000000)
  object space 82944K, 85% used [0x00000000a0000000,0x00000000a457dbe0,0x00000000a5100000)
 Metaspace       used 104577K, capacity 111006K, committed 111192K, reserved 1146880K
  class space    used 13530K, capacity 14605K, committed 14680K, reserved 1048576K
Event: 9611.850 GC heap after
Heap after GC invocations=32 (full 6):
 PSYoungGen      total 413696K, used 14799K [0x00000000e0000000, 0x00000000ff000000, 0x0000000100000000)
  eden space 381440K, 0% used [0x00000000e0000000,0x00000000e0000000,0x00000000f7480000)
  from space 32256K, 45% used [0x00000000f9f80000,0x00000000fadf3d98,0x00000000fbf00000)
  to   space 44032K, 0% used [0x00000000f7480000,0x00000000f7480000,0x00000000f9f80000)
 ParOldGen       total 156160K, used 82876K [0x00000000a0000000, 0x00000000a9880000, 0x00000000e0000000)
  object space 156160K, 53% used [0x00000000a0000000,0x00000000a50ef0d0,0x00000000a9880000)
 Metaspace       used 103522K, capacity 108970K, committed 111192K, reserved 1146880K
  class space    used 13285K, capacity 14228K, committed 14680K, reserved 1048576K
}
Event: 10463.697 GC heap before
{Heap before GC invocations=33 (full 6):
 PSYoungGen      total 413696K, used 396239K [0x00000000e0000000, 0x00000000ff000000, 0x0000000100000000)
  eden space 381440K, 100% used [0x00000000e0000000,0x00000000f7480000,0x00000000f7480000)
  from space 32256K, 45% used [0x00000000f9f80000,0x00000000fadf3d98,0x00000000fbf00000)
  to   space 44032K, 0% used [0x00000000f7480000,0x00000000f7480000,0x00000000f9f80000)
 ParOldGen       total 156160K, used 82876K [0x00000000a0000000, 0x00000000a9880000, 0x00000000e0000000)
  object space 156160K, 53% used [0x00000000a0000000,0x00000000a50ef0d0,0x00000000a9880000)
 Metaspace       used 105335K, capacity 111172K, committed 111704K, reserved 1146880K
  class space    used 13527K, capacity 14532K, committed 14680K, reserved 1048576K
Event: 10465.245 GC heap after
Heap after GC invocations=33 (full 6):
 PSYoungGen      total 425472K, used 26567K [0x00000000e0000000, 0x0000000100000000, 0x0000000100000000)
  eden space 381440K, 0% used [0x00000000e0000000,0x00000000e0000000,0x00000000f7480000)
  from space 44032K, 60% used [0x00000000f7480000,0x00000000f8e71ea0,0x00000000f9f80000)
  to   space 44544K, 0% used [0x00000000fd480000,0x00000000fd480000,0x0000000100000000)
 ParOldGen       total 156160K, used 82884K [0x00000000a0000000, 0x00000000a9880000, 0x00000000e0000000)
  object space 156160K, 53% used [0x00000000a0000000,0x00000000a50f10d0,0x00000000a9880000)
 Metaspace       used 105335K, capacity 111172K, committed 111704K, reserved 1146880K
  class space    used 13527K, capacity 14532K, committed 14680K, reserved 1048576K
}
Event: 10565.428 GC heap before
{Heap before GC invocations=34 (full 6):
 PSYoungGen      total 425472K, used 408007K [0x00000000e0000000, 0x0000000100000000, 0x0000000100000000)
  eden space 381440K, 100% used [0x00000000e0000000,0x00000000f7480000,0x00000000f7480000)
  from space 44032K, 60% used [0x00000000f7480000,0x00000000f8e71ea0,0x00000000f9f80000)
  to   space 44544K, 0% used [0x00000000fd480000,0x00000000fd480000,0x0000000100000000)
 ParOldGen       total 156160K, used 82884K [0x00000000a0000000, 0x00000000a9880000, 0x00000000e0000000)
  object space 156160K, 53% used [0x00000000a0000000,0x00000000a50f10d0,0x00000000a9880000)
 Metaspace       used 111572K, capacity 118848K, committed 119128K, reserved 1153024K
  class space    used 14372K, capacity 15599K, committed 15704K, reserved 1048576K
Event: 10566.694 GC heap after
Heap after GC invocations=34 (full 6):
 PSYoungGen      total 467456K, used 42515K [0x00000000e0000000, 0x0000000100000000, 0x0000000100000000)
  eden space 422912K, 0% used [0x00000000e0000000,0x00000000e0000000,0x00000000f9d00000)
  from space 44544K, 95% used [0x00000000fd480000,0x00000000ffe04c28,0x0000000100000000)
  to   space 50688K, 0% used [0x00000000f9d00000,0x00000000f9d00000,0x00000000fce80000)
 ParOldGen       total 156160K, used 82892K [0x00000000a0000000, 0x00000000a9880000, 0x00000000e0000000)
  object space 156160K, 53% used [0x00000000a0000000,0x00000000a50f30d0,0x00000000a9880000)
 Metaspace       used 111572K, capacity 118848K, committed 119128K, reserved 1153024K
  class space    used 14372K, capacity 15599K, committed 15704K, reserved 1048576K
}
Event: 12003.723 GC heap before
{Heap before GC invocations=35 (full 6):
 PSYoungGen      total 467456K, used 465427K [0x00000000e0000000, 0x0000000100000000, 0x0000000100000000)
  eden space 422912K, 100% used [0x00000000e0000000,0x00000000f9d00000,0x00000000f9d00000)
  from space 44544K, 95% used [0x00000000fd480000,0x00000000ffe04c28,0x0000000100000000)
  to   space 50688K, 0% used [0x00000000f9d00000,0x00000000f9d00000,0x00000000fce80000)
 ParOldGen       total 156160K, used 82892K [0x00000000a0000000, 0x00000000a9880000, 0x00000000e0000000)
  object space 156160K, 53% used [0x00000000a0000000,0x00000000a50f30d0,0x00000000a9880000)
 Metaspace       used 112189K, capacity 119596K, committed 119896K, reserved 1153024K
  class space    used 14414K, capacity 15648K, committed 15704K, reserved 1048576K
Event: 12009.821 GC heap after
Heap after GC invocations=35 (full 6):
 PSYoungGen      total 467456K, used 44133K [0x00000000e0000000, 0x0000000100000000, 0x0000000100000000)
  eden space 422912K, 0% used [0x00000000e0000000,0x00000000e0000000,0x00000000f9d00000)
  from space 44544K, 99% used [0x00000000f9d00000,0x00000000fc819580,0x00000000fc880000)
  to   space 56320K, 0% used [0x00000000fc900000,0x00000000fc900000,0x0000000100000000)
 ParOldGen       total 156160K, used 83020K [0x00000000a0000000, 0x00000000a9880000, 0x00000000e0000000)
  object space 156160K, 53% used [0x00000000a0000000,0x00000000a51130d0,0x00000000a9880000)
 Metaspace       used 112189K, capacity 119596K, committed 119896K, reserved 1153024K
  class space    used 14414K, capacity 15648K, committed 15704K, reserved 1048576K
}
Event: 12083.590 GC heap before
{Heap before GC invocations=36 (full 6):
 PSYoungGen      total 467456K, used 467045K [0x00000000e0000000, 0x0000000100000000, 0x0000000100000000)
  eden space 422912K, 100% used [0x00000000e0000000,0x00000000f9d00000,0x00000000f9d00000)
  from space 44544K, 99% used [0x00000000f9d00000,0x00000000fc819580,0x00000000fc880000)
  to   space 56320K, 0% used [0x00000000fc900000,0x00000000fc900000,0x0000000100000000)
 ParOldGen       total 156160K, used 83020K [0x00000000a0000000, 0x00000000a9880000, 0x00000000e0000000)
  object space 156160K, 53% used [0x00000000a0000000,0x00000000a51130d0,0x00000000a9880000)
 Metaspace       used 113688K, capacity 121274K, committed 121560K, reserved 1155072K
  class space    used 14509K, capacity 15781K, committed 15832K, reserved 1048576K
Event: 12090.851 GC heap after
Heap after GC invocations=36 (full 6):
 PSYoungGen      total 458752K, used 45072K [0x00000000e0000000, 0x0000000100000000, 0x0000000100000000)
  eden space 402432K, 0% used [0x00000000e0000000,0x00000000e0000000,0x00000000f8900000)
  from space 56320K, 80% used [0x00000000fc900000,0x00000000ff5043f8,0x0000000100000000)
  to   space 60928K, 0% used [0x00000000f8900000,0x00000000f8900000,0x00000000fc480000)
 ParOldGen       total 156160K, used 83068K [0x00000000a0000000, 0x00000000a9880000, 0x00000000e0000000)
  object space 156160K, 53% used [0x00000000a0000000,0x00000000a511f0d0,0x00000000a9880000)
 Metaspace       used 113688K, capacity 121274K, committed 121560K, reserved 1155072K
  class space    used 14509K, capacity 15781K, committed 15832K, reserved 1048576K
}

